d:\2 - it academy step\github\c++ advanced\c_plus_plus-advanced\c++ advanced\45 namespace\x64\debug\vc143.pdb
d:\2 - it academy step\github\c++ advanced\c_plus_plus-advanced\c++ advanced\45 namespace\x64\debug\vc143.idb
d:\2 - it academy step\github\c++ advanced\c_plus_plus-advanced\c++ advanced\45 namespace\x64\debug\saledepartment.obj
d:\2 - it academy step\github\c++ advanced\c_plus_plus-advanced\c++ advanced\45 namespace\x64\debug\marketingdepartment.obj
d:\2 - it academy step\github\c++ advanced\c_plus_plus-advanced\c++ advanced\45 namespace\x64\debug\itdepartment.obj
d:\2 - it academy step\github\c++ advanced\c_plus_plus-advanced\c++ advanced\45 namespace\x64\debug\hrdepartment.obj
d:\2 - it academy step\github\c++ advanced\c_plus_plus-advanced\c++ advanced\45 namespace\x64\debug\financedepartment.obj
d:\2 - it academy step\github\c++ advanced\c_plus_plus-advanced\c++ advanced\45 namespace\x64\debug\45 namespace.obj
d:\2 - it academy step\github\c++ advanced\c_plus_plus-advanced\c++ advanced\x64\debug\45 namespace.exe
d:\2 - it academy step\github\c++ advanced\c_plus_plus-advanced\c++ advanced\x64\debug\45 namespace.pdb
d:\2 - it academy step\github\c++ advanced\c_plus_plus-advanced\c++ advanced\45 namespace\x64\debug\45 namespace.res
d:\2 - it academy step\github\c++ advanced\c_plus_plus-advanced\c++ advanced\45 namespace\x64\debug\45 namespace.ilk
d:\2 - it academy step\github\c++ advanced\c_plus_plus-advanced\c++ advanced\45 namespace\x64\debug\45 namespace.tlog\cl.command.1.tlog
d:\2 - it academy step\github\c++ advanced\c_plus_plus-advanced\c++ advanced\45 namespace\x64\debug\45 namespace.tlog\cl.items.tlog
d:\2 - it academy step\github\c++ advanced\c_plus_plus-advanced\c++ advanced\45 namespace\x64\debug\45 namespace.tlog\cl.read.1.tlog
d:\2 - it academy step\github\c++ advanced\c_plus_plus-advanced\c++ advanced\45 namespace\x64\debug\45 namespace.tlog\cl.write.1.tlog
d:\2 - it academy step\github\c++ advanced\c_plus_plus-advanced\c++ advanced\45 namespace\x64\debug\45 namespace.tlog\link.command.1.tlog
d:\2 - it academy step\github\c++ advanced\c_plus_plus-advanced\c++ advanced\45 namespace\x64\debug\45 namespace.tlog\link.read.1.tlog
d:\2 - it academy step\github\c++ advanced\c_plus_plus-advanced\c++ advanced\45 namespace\x64\debug\45 namespace.tlog\link.secondary.1.tlog
d:\2 - it academy step\github\c++ advanced\c_plus_plus-advanced\c++ advanced\45 namespace\x64\debug\45 namespace.tlog\link.write.1.tlog
d:\2 - it academy step\github\c++ advanced\c_plus_plus-advanced\c++ advanced\45 namespace\x64\debug\45 namespace.tlog\rc.command.1.tlog
d:\2 - it academy step\github\c++ advanced\c_plus_plus-advanced\c++ advanced\45 namespace\x64\debug\45 namespace.tlog\rc.read.1.tlog
d:\2 - it academy step\github\c++ advanced\c_plus_plus-advanced\c++ advanced\45 namespace\x64\debug\45 namespace.tlog\rc.write.1.tlog
